7.5096259117126465
7.164988040924072
12.000137329101562
9.164106369018555
7.94136381149292
8.646361351013184
10.956488609313965
9.699012756347656
9.502835273742676
9.703747749328613
12.658674240112305
9.065306663513184
7.4990363121032715
13.889687538146973
6.886996746063232
11.027740478515625
7.806090831756592
7.475272178649902
7.729524612426758
8.413113594055176
7.966605186462402
8.619466781616211
11.520740509033203
10.006695747375488
14.124147415161133
9.952574729919434
14.872786521911621
11.059471130371094
11.75356674194336
11.251189231872559
12.582883834838867
11.659132957458496
13.098265647888184
11.50503158569336
12.042162895202637
9.831389427185059
11.43095874786377
7.563818454742432
10.750199317932129
8.231147766113281
7.274186611175537
10.259140014648438
5.766841411590576
5.291974067687988
4.7459187507629395
8.619466781616211
12.371882438659668
8.661401748657227
7.796879768371582
14.670377731323242
9.305455207824707
8.633439064025879
7.380345344543457
7.538600444793701
9.15384292602539
13.629859924316406
9.07525634765625
8.250064849853516
5.291974067687988
10.177892684936523
9.042500495910645
11.97109603881836
13.089221954345703
8.503117561340332
11.18647575378418
7.969407081604004
11.608489036560059
11.411375999450684
8.309547424316406
8.227900505065918
9.43632698059082
8.597871780395508
11.489710807800293
11.28550910949707
15.013420104980469
11.149977684020996
10.771425247192383
12.023916244506836
9.065685272216797
12.262462615966797
13.81059455871582
10.93344497680664
12.1350679397583
10.432806968688965
9.998802185058594
10.89382266998291
9.924065589904785
13.617677688598633
8.12249755859375
13.607122421264648
9.077308654785156
11.429701805114746
11.653709411621094
14.075904846191406
14.001423835754395
12.37871265411377
12.348304748535156
10.163455963134766
10.163455963134766
8.008572578430176
7.293878555297852
10.586373329162598
10.304850578308105
11.167757987976074
10.916276931762695
14.565117835998535
13.805838584899902
10.573429107666016
13.780442237854004
8.312463760375977
11.808839797973633
8.899045944213867
8.834256172180176
7.980616569519043
10.790775299072266
11.599955558776855
7.176627159118652
8.830551147460938
9.703747749328613
8.861103057861328
7.950793266296387
8.542412757873535
10.423789978027344
8.287620544433594
8.548879623413086
6.112218379974365
8.759139060974121
8.694717407226562
11.319782257080078
10.838165283203125
11.266868591308594
6.756038188934326
6.443969249725342
7.485875129699707
6.112218379974365
7.548985481262207
6.21334171295166
6.662707328796387
6.8480119705200195
8.662240982055664
13.996400833129883
10.229416847229004
12.116657257080078
14.041356086730957
8.869939804077148
8.094919204711914
8.207667350769043
6.844094753265381
3.8206090927124023
4.91313362121582
11.059789657592773
13.268745422363281
12.594959259033203
12.486836433410645
8.970020294189453
10.666238784790039
14.803253173828125
12.000258445739746
12.762129783630371
9.581597328186035
12.178813934326172
11.96859073638916
11.941080093383789
12.001277923583984
12.976311683654785
13.072731018066406
13.541444778442383
11.73781681060791
12.155022621154785
12.021488189697266
10.883402824401855
9.703351974487305
10.665146827697754
10.511670112609863
5.291974067687988
8.06203842163086
8.227900505065918
7.991174221038818
5.291974067687988
10.775932312011719
12.372047424316406
10.798147201538086
12.424483299255371
13.434966087341309
13.457489013671875
12.258199691772461
14.725858688354492
13.35442066192627
14.1577730178833
14.97836971282959
10.885603904724121
13.46084213256836
9.371001243591309
8.150392532348633
11.818872451782227
12.664691925048828
14.40556812286377
11.519076347351074
10.512296676635742
10.631295204162598
7.792637348175049
14.84282398223877
13.920365333557129
11.303085327148438
8.386220932006836
7.776242733001709
8.260588645935059
9.353449821472168
9.935186386108398
8.682193756103516
12.544899940490723
8.021483421325684
6.792150974273682
12.417572021484375
13.062724113464355
9.370816230773926
9.047294616699219
8.63473129272461
9.242579460144043
7.3355183601379395
9.607043266296387
10.179530143737793
13.406423568725586
12.149723052978516
8.99266242980957
9.437780380249023
8.071643829345703
8.335819244384766
10.13814926147461
11.88651180267334
9.201074600219727
11.811702728271484
11.97388744354248
6.286128997802734
9.193848609924316
6.60222053527832
3.5539326667785645
3.5539326667785645
3.5539326667785645
3.5539326667785645
11.564407348632812
6.112218379974365
4.1557111740112305
6.995329856872559
8.721702575683594
8.375739097595215
8.141963958740234
8.039057731628418
8.401811599731445
7.485875129699707
8.556236267089844
10.550146102905273
10.687899589538574
11.248828887939453
11.160228729248047
10.639430046081543
10.170101165771484
10.681252479553223
10.824344635009766
11.050544738769531
12.498575210571289
9.180266380310059
15.626829147338867
5.766841411590576
5.860982418060303
10.483307838439941
12.585457801818848
8.111740112304688
8.894765853881836
7.527426719665527
11.727704048156738
11.300724029541016
10.889398574829102
15.777347564697266
11.470839500427246
10.839612007141113
11.624752044677734
15.425213813781738
11.3261137008667
12.070911407470703
9.70425796508789
7.713494300842285
8.554481506347656
11.536035537719727
8.173624992370605
13.388660430908203
14.345184326171875
13.381394386291504
8.498361587524414
13.296242713928223
12.327298164367676
12.210500717163086
11.188678741455078
10.695351600646973
14.097434997558594
7.086219787597656
6.286128997802734
6.523976802825928
12.132272720336914
8.662240982055664
7.651462554931641
9.858816146850586
8.662240982055664
7.738986015319824
8.600604057312012
3.8206090927124023
3.5539326667785645
17.0384578704834
9.626627922058105
12.324235916137695
13.630017280578613
10.201289176940918
13.255977630615234
11.636946678161621
12.318575859069824
8.210639953613281
13.077231407165527
9.232972145080566
10.531657218933105
7.909640312194824
6.112218379974365
4.1557111740112305
8.488302230834961
6.770199775695801
7.738986015319824
7.6611714363098145
8.651975631713867
12.619293212890625
7.966605186462402
7.469175815582275
14.99873161315918
6.893819332122803
7.653310775756836
5.291974067687988
13.427594184875488
13.503662109375
13.489669799804688
10.436817169189453
14.041720390319824
14.576559066772461
9.54336166381836
11.615036964416504
12.67135238647461
14.924860954284668
12.06212043762207
14.765682220458984
12.217047691345215
8.13336181640625
8.53705883026123
10.401839256286621
13.579840660095215
10.172250747680664
9.866869926452637
13.890535354614258
11.462554931640625
10.7305326461792
13.177661895751953
11.382854461669922
13.337653160095215
10.882881164550781
11.561376571655273
11.241742134094238
12.410619735717773
11.411847114562988
13.913996696472168
13.132230758666992
10.059011459350586
10.185075759887695
11.955310821533203
11.703181266784668
12.48136043548584
13.437024116516113
14.51990795135498
13.2457275390625
10.587089538574219
12.03979206085205
14.175219535827637
11.075695037841797
12.70628547668457
14.639375686645508
11.395605087280273
11.92359447479248
11.12289047241211
9.07714557647705
10.302891731262207
9.739657402038574
12.125823020935059
9.690314292907715
11.0996675491333
9.592805862426758
8.268636703491211
8.641520500183105
10.451475143432617
8.115825653076172
8.291253089904785
8.637524604797363
12.052156448364258
10.928707122802734
14.39954948425293
9.434064865112305
9.074054718017578
11.572568893432617
7.950049877166748
11.96631908416748
9.162216186523438
14.089101791381836
8.7715425491333
11.425006866455078
13.300247192382812
10.82054615020752
10.984453201293945
9.882659912109375
10.406721115112305
9.21422004699707
11.688953399658203
10.379441261291504
11.761659622192383
11.66741943359375
12.981690406799316
13.708744049072266
11.129776954650879
10.40755844116211
10.29057502746582
6.112218379974365
6.112218379974365
10.28272533416748
11.975298881530762
11.553155899047852
9.4873628616333
9.328866958618164
9.27808952331543
11.623872756958008
10.018550872802734
9.939592361450195
8.856568336486816
13.839999198913574
7.5214996337890625
8.811461448669434
8.48775863647461
13.472810745239258
7.713494300842285
8.810219764709473
8.832406997680664
8.056755065917969
7.004838943481445
12.375387191772461
11.523567199707031
8.873619079589844
12.535818099975586
11.029427528381348
14.16235637664795
12.216950416564941
14.444867134094238
13.059967994689941
13.226961135864258
10.415792465209961
12.019304275512695
8.09138298034668
9.155941009521484
11.732914924621582
8.387836456298828
13.113027572631836
5.291974067687988
4.7459187507629395
6.112218379974365
3.5539326667785645
13.625992774963379
11.889925956726074
11.378313064575195
11.692150115966797
9.671022415161133
10.751296997070312
8.328527450561523
10.751296997070312
12.046477317810059
11.012584686279297
7.983871936798096
10.88930606842041
14.397830963134766
11.845959663391113
11.854715347290039
13.058934211730957
10.80189323425293
10.036420822143555
11.68391227722168
9.87004280090332
11.626042366027832
10.15080738067627
10.121091842651367
10.563387870788574
9.17969799041748
9.817806243896484
10.962554931640625
11.695660591125488
10.711213111877441
11.994322776794434
12.751324653625488
11.797839164733887
12.173452377319336
12.810112953186035
9.795791625976562
13.009279251098633
12.131351470947266
13.845840454101562
12.728221893310547
12.225366592407227
9.865229606628418
11.858966827392578
12.588990211486816
13.297883033752441
13.620874404907227
10.173596382141113
12.633525848388672
7.9171295166015625
5.353621482849121
5.860982418060303
8.387836456298828
5.860982418060303
8.022038459777832
7.232882976531982
4.160257816314697
6.436093330383301
7.6962103843688965
4.160257816314697
4.160257816314697
3.558479070663452
3.558479070663452
12.110884666442871
14.486825942993164
8.662240982055664
11.609707832336426
8.228090286254883
8.906614303588867
7.9067559242248535
10.079201698303223
9.546008110046387
13.24756145477295
5.960998058319092
5.787087440490723
7.203996181488037
10.50921630859375
7.983871936798096
8.859604835510254
8.364331245422363
6.794336795806885
7.850525379180908
5.312220096588135
3.8935813903808594
11.980427742004395
12.201448440551758
11.101405143737793
13.345382690429688
11.768606185913086
10.307390213012695
10.237569808959961
14.84801959991455
14.664314270019531
12.180757522583008
11.844463348388672
10.036518096923828
7.058620452880859
12.233477592468262
8.184957504272461
11.626261711120605
9.367850303649902
7.879505634307861
10.434781074523926
9.360347747802734
5.860982418060303
8.924485206604004
8.829424858093262
9.193848609924316
10.551876068115234
10.565408706665039
12.239498138427734
9.214422225952148
9.818825721740723
13.844218254089355
12.27001667022705
12.560419082641602
11.443561553955078
10.203298568725586
13.65707778930664
10.910016059875488
6.823078155517578
11.063898086547852
15.306768417358398
10.889177322387695
8.484224319458008
6.933078289031982
11.800419807434082
7.2347331047058105
12.88725757598877
12.026329040527344
13.72047233581543
10.551854133605957
12.59550952911377
11.389078140258789
11.006336212158203
14.083547592163086
9.785679817199707
7.41338586807251
7.203996181488037
8.735738754272461
10.322860717773438
9.18389892578125
8.208673477172852
9.823982238769531
8.662240982055664
7.267691612243652
9.576627731323242
3.82515549659729
7.7043352127075195
8.768219947814941
8.236328125
8.306037902832031
8.440296173095703
8.239828109741211
7.47737455368042
4.160257816314697
8.058708190917969
10.414566040039062
9.614324569702148
7.922488689422607
8.898092269897461
12.601080894470215
7.0270304679870605
6.794336795806885
9.712024688720703
8.143535614013672
10.124238967895508
8.256001472473145
8.624163627624512
8.147942543029785
8.536489486694336
7.6063337326049805
8.16021728515625
8.32284927368164
8.544504165649414
11.347925186157227
8.239828109741211
11.488731384277344
10.110884666442871
8.260997772216797
9.214286804199219
9.102325439453125
7.142092704772949
8.254467010498047
8.544504165649414
8.122711181640625
5.312220096588135
8.599650382995605
8.17834186553955
6.670198917388916
6.5470662117004395
5.960998058319092
12.434772491455078
12.702242851257324
11.828535079956055
10.152356147766113
11.741266250610352
11.85783863067627
8.1383695602417
7.203996181488037
8.121255874633789
7.2347331047058105
11.097648620605469
11.635970115661621
14.084524154663086
10.179530143737793
8.676883697509766
13.095626831054688
11.49892807006836
12.862905502319336
10.103913307189941
10.999568939208984
9.961136817932129
10.563640594482422
13.248021125793457
6.388888835906982
8.619466781616211
11.428120613098145
7.950049877166748
10.582901954650879
14.368741989135742
13.254929542541504
14.459639549255371
8.062172889709473
16.727100372314453
11.98580551147461
13.320899963378906
6.286128997802734
8.974170684814453
8.532973289489746
3.5539326667785645
7.869122505187988
3.5539326667785645
5.972375392913818
9.417896270751953
7.760387897491455
8.532973289489746
10.038734436035156
8.002206802368164
8.441526412963867
9.117840766906738
9.594452857971191
7.082342624664307
6.149244785308838
8.121001243591309
6.401925086975098
7.9503960609436035
8.140567779541016
6.112218379974365
8.378597259521484
7.808483123779297
6.112218379974365
6.112218379974365
4.7459187507629395
3.5539326667785645
3.5539326667785645
3.5539326667785645
11.280952453613281
9.720404624938965
11.819567680358887
10.241724967956543
7.474601745605469
8.48781967163086
7.67966890335083
9.972830772399902
14.045771598815918
10.075257301330566
8.713335990905762
9.90967845916748
12.327776908874512
8.574834823608398
12.392407417297363
10.654401779174805
12.780923843383789
8.511439323425293
8.39590072631836
14.062597274780273
6.829036235809326
12.78572940826416
10.783991813659668
10.91299819946289
10.40388298034668
13.708348274230957
16.005558013916016
9.991960525512695
12.81854248046875
10.350837707519531
11.393834114074707
12.931018829345703
11.859307289123535
10.972099304199219
11.503019332885742
10.625316619873047
12.03648567199707
10.29326343536377
8.886188507080078
8.713786125183105
10.548991203308105
11.952089309692383
12.66997241973877
12.150936126708984
11.646050453186035
8.677194595336914
8.316743850708008
15.22784423828125
12.173588752746582
15.388148307800293
10.477306365966797
9.719244003295898
12.832303047180176
9.270035743713379
11.458564758300781
14.083158493041992
11.069262504577637
13.428783416748047
10.447171211242676
12.503378868103027
14.88382339477539
11.954988479614258
8.7738618850708
5.291974067687988
10.268828392028809
10.436694145202637
9.254661560058594
18.499069213867188
15.712983131408691
17.666812896728516
10.171884536743164
12.356430053710938
13.215778350830078
12.623680114746094
13.261618614196777
14.54418659210205
9.26648998260498
12.099535942077637
7.577391624450684
9.126729011535645
9.919405937194824
9.169761657714844
8.619466781616211
14.292713165283203
9.459489822387695
6.112218379974365
9.714546203613281
9.439780235290527
9.973958015441895
9.258025169372559
9.309002876281738
4.7459187507629395
6.112218379974365
8.399003028869629
8.288100242614746
8.383838653564453
7.761084079742432
8.204636573791504
8.295527458190918
8.078226089477539
9.198552131652832
9.064818382263184
8.260527610778809
8.682193756103516
8.393503189086914
9.291121482849121
8.597635269165039
8.398365020751953
8.377309799194336
8.525337219238281
7.884922504425049
8.05926513671875
8.242731094360352
9.137277603149414
10.185779571533203
7.756966590881348
9.128302574157715
7.911999225616455
7.571794509887695
8.847415924072266
10.231729507446289
11.091058731079102
11.972658157348633
9.974940299987793
11.132061004638672
9.648574829101562
10.40407943725586
9.153154373168945
10.463383674621582
10.795241355895996
8.972126007080078
11.111950874328613
10.819253921508789
10.22651481628418
11.024045944213867
11.097341537475586
8.054657936096191
10.130364418029785
11.917094230651855
11.452630043029785
10.099881172180176
11.705971717834473
10.168193817138672
11.62397575378418
11.213072776794434
13.338677406311035
13.11215877532959
10.064083099365234
12.022709846496582
10.57329273223877
10.12069320678711
10.946861267089844
10.16529369354248
11.994518280029297
10.898447036743164
10.725790023803711
10.49559211730957
11.9972505569458
11.586149215698242
13.000594139099121
10.526342391967773
11.229259490966797
10.925352096557617
11.36666202545166
11.292781829833984
10.507257461547852
11.589021682739258
13.318831443786621
9.914167404174805
12.476667404174805
12.128293991088867
4.7459187507629395
5.291974067687988
5.291974067687988
6.112218379974365
6.112218379974365
6.112218379974365
6.286128997802734
7.415008544921875
6.995329856872559
7.825707912445068
7.569919109344482
7.948695659637451
7.066352367401123
7.94166898727417
8.628771781921387
6.985974311828613
8.628771781921387
8.628771781921387
8.628771781921387
7.526610374450684
7.485875129699707
8.811461448669434
8.536998748779297
8.911443710327148
7.956537246704102
8.834256172180176
8.73379135131836
8.834256172180176
8.44542407989502
9.614919662475586
8.766785621643066
9.197168350219727
8.377309799194336
8.796677589416504
8.07659912109375
7.919873237609863
8.278082847595215
9.193848609924316
8.512894630432129
8.544629096984863
9.193848609924316
10.220121383666992
8.521001815795898
8.124837875366211
11.721820831298828
10.305968284606934
8.906614303588867
8.027885437011719
8.521001815795898
8.24068832397461
7.783912181854248
9.23068618774414
7.645718097686768
11.024613380432129
7.724593162536621
9.284479141235352
8.105185508728027
8.552459716796875
10.891357421875
8.389305114746094
8.767364501953125
7.229031085968018
10.83560848236084
11.374898910522461
11.118917465209961
11.977487564086914
8.627386093139648
11.654838562011719
10.24376106262207
10.196137428283691
12.45803451538086
11.867500305175781
8.911449432373047
9.563690185546875
8.922122955322266
10.221899032592773
13.248749732971191
11.573888778686523
12.824173927307129
12.88697338104248
11.393689155578613
10.430377006530762
11.111368179321289
13.79888916015625
12.619293212890625
11.24356460571289
12.45943546295166
12.414458274841309
9.33419418334961
9.855873107910156
11.166208267211914
10.79312515258789
10.845221519470215
9.129084587097168
10.817731857299805
9.641027450561523
13.026219367980957
11.08505630493164
10.385332107543945
10.188339233398438
11.798154830932617
9.761919021606445
8.891328811645508
11.208470344543457
10.625222206115723
9.82694149017334
9.930463790893555
11.174386024475098
10.172073364257812
11.079119682312012
9.20619010925293
10.429004669189453
11.423124313354492
11.28976058959961
11.450586318969727
10.333489418029785
10.522253036499023
11.209473609924316
12.105581283569336
11.494730949401855
10.785536766052246
11.897615432739258
12.736404418945312
12.841360092163086
10.517593383789062
11.628416061401367
10.094168663024902
10.778051376342773
11.13280200958252
10.6344575881958
12.152544975280762
11.29194450378418
10.789923667907715
11.390998840332031
12.479897499084473
11.313714027404785
10.911079406738281
12.786799430847168
10.26369857788086
10.594122886657715
11.882184028625488
11.572431564331055
11.783686637878418
12.081798553466797
11.890811920166016
11.842427253723145
12.136994361877441
12.058692932128906
11.201202392578125
13.697721481323242
13.147343635559082
12.364309310913086
12.187117576599121
11.560648918151855
10.908754348754883
12.141542434692383
12.082140922546387
10.3215913772583
13.250748634338379
14.785089492797852
12.329120635986328
3.8206090927124023
3.8890349864959717
3.5539326667785645
4.1557111740112305
4.7459187507629395
4.7459187507629395
5.291974067687988
5.637351036071777
6.112218379974365
6.523976802825928
6.112218379974365
6.995329856872559
7.569919109344482
8.063720703125
7.94136381149292
7.915050506591797
8.350414276123047
8.764601707458496
8.68754768371582
8.216716766357422
8.58700942993164
9.055476188659668
8.413833618164062
8.779006004333496
8.589999198913574
9.155941009521484
9.293559074401855
9.07525634765625
9.170795440673828
7.940711498260498
9.293559074401855
8.521001815795898
9.624473571777344
9.23068618774414
8.81060791015625
8.544504165649414
8.44735336303711
8.461109161376953
9.293559074401855
9.23068618774414
10.21799087524414
9.061010360717773
9.23068618774414
8.747391700744629
9.233453750610352
13.532093048095703
10.322860717773438
9.13310432434082
9.287500381469727
9.323304176330566
11.40565013885498
11.374249458312988
9.942764282226562
10.524382591247559
8.71603012084961
10.274788856506348
11.579816818237305
11.264524459838867
11.314055442810059
10.56743335723877
11.199604988098145
11.738629341125488
10.03890323638916
10.951991081237793
11.055254936218262
11.32773208618164
11.840957641601562
10.109981536865234
9.866716384887695
9.929484367370605
9.861870765686035
12.165491104125977
9.790303230285645
10.23095989227295
13.708312034606934
13.553659439086914
9.191956520080566
11.929093360900879
9.512324333190918
12.616376876831055
9.421571731567383
10.948719024658203
11.393898010253906
10.07969856262207
10.60667896270752
10.619443893432617
14.455912590026855
10.481424331665039
10.97182846069336
10.830066680908203
10.048105239868164
9.876043319702148
12.349443435668945
11.051519393920898
10.137120246887207
9.384809494018555
13.901798248291016
9.611233711242676
11.868181228637695
10.58772087097168
12.074928283691406
12.14567756652832
11.425060272216797
11.861335754394531
11.525864601135254
11.977243423461914
11.0582914352417
11.617903709411621
11.458646774291992
9.655367851257324
12.115846633911133
11.917149543762207
11.742807388305664
12.284907341003418
10.784881591796875
11.180123329162598
11.51314640045166
11.297684669494629
13.656171798706055
10.546270370483398
11.589797973632812
10.245820999145508
11.420023918151855
11.374493598937988
12.609508514404297
12.620314598083496
12.005343437194824
11.046765327453613
12.243097305297852
12.006404876708984
11.24372386932373
11.074532508850098
12.06963062286377
13.018430709838867
10.903206825256348
11.677864074707031
12.79038143157959
12.654160499572754
11.251980781555176
13.809131622314453
12.111077308654785
13.603958129882812
13.449291229248047
10.890472412109375
11.810154914855957
13.911498069763184
13.649645805358887
13.995809555053711
12.605287551879883
12.015769004821777
12.346268653869629
11.919342041015625
14.238701820373535
12.796753883361816
12.09170150756836
11.669648170471191
12.09170150756836
7.275982856750488
5.291974067687988
5.291974067687988
5.291974067687988
6.401925086975098
7.066352367401123
7.770613193511963
6.995329856872559
7.066352367401123
7.883330345153809
7.871636390686035
8.410100936889648
7.81931209564209
7.839425563812256
7.904121398925781
7.50792121887207
7.267078399658203
7.423318386077881
7.624694347381592
8.804723739624023
8.460468292236328
8.102852821350098
8.911443710327148
7.9169721603393555
8.619466781616211
8.495550155639648
8.567143440246582
8.619466781616211
8.350414276123047
8.244844436645508
8.53705883026123
8.244844436645508
8.637041091918945
8.350414276123047
8.536998748779297
8.567143440246582
8.116251945495605
8.53705883026123
8.53705883026123
8.309375762939453
8.682193756103516
9.003151893615723
8.328527450561523
8.73379135131836
8.221837043762207
8.970916748046875
9.110726356506348
8.347088813781738
8.788674354553223
8.61188793182373
9.03945255279541
8.461109161376953
8.086305618286133
8.660480499267578
8.637954711914062
8.027885437011719
8.507245063781738
7.761568546295166
8.328527450561523
8.814704895019531
9.877924919128418
9.03945255279541
7.730611801147461
9.401561737060547
8.85158920288086
7.831209659576416
8.995044708251953
8.483598709106445
8.58654499053955
8.760326385498047
11.274995803833008
9.375282287597656
12.138845443725586
12.15515422821045
13.686320304870605
11.080644607543945
10.654072761535645
10.261750221252441
9.981557846069336
8.328489303588867
10.274735450744629
11.559222221374512
12.058561325073242
11.3858060836792
10.898476600646973
11.40532398223877
10.157173156738281
10.429703712463379
10.822813987731934
11.024831771850586
9.13990592956543
10.184568405151367
14.440499305725098
10.90140151977539
13.485702514648438
8.9706392288208
10.505460739135742
10.33337688446045
12.115996360778809
12.589289665222168
9.965274810791016
9.940832138061523
10.786056518554688
11.913786888122559
10.506577491760254
10.82822322845459
9.349204063415527
12.310028076171875
10.556601524353027
9.435516357421875
9.823773384094238
11.013243675231934
12.57579517364502
8.950535774230957
12.174983024597168
8.474092483520508
12.039446830749512
9.038297653198242
12.485699653625488
10.56432056427002
13.507163047790527
11.510866165161133
11.04395580291748
10.592903137207031
8.304515838623047
10.489484786987305
10.388580322265625
9.896428108215332
9.457332611083984
10.320608139038086
12.433219909667969
10.949045181274414
10.451688766479492
10.213143348693848
10.222582817077637
10.907142639160156
11.337102890014648
9.882070541381836
10.35972785949707
11.40116024017334
12.39068603515625
10.077929496765137
11.59705924987793
11.584842681884766
10.774234771728516
11.89958381652832
8.808223724365234
11.284636497497559
9.841306686401367
10.315799713134766
9.449060440063477
12.759521484375
11.845513343811035
11.36376953125
11.422233581542969
13.16745376586914
10.30487060546875
12.705255508422852
11.257417678833008
12.082310676574707
10.302631378173828
13.141143798828125
12.13095760345459
14.013778686523438
17.944747924804688
10.144820213317871
10.782896995544434
11.737977027893066
10.933178901672363
10.915350914001465
11.951155662536621
12.881916046142578
13.114974021911621
10.600939750671387
14.559554100036621
11.60811710357666
10.452407836914062
10.000406265258789
11.896160125732422
11.630342483520508
11.038581848144531
11.673019409179688
11.477890968322754
13.934139251708984
16.345630645751953
13.21391487121582
10.576116561889648
13.830056190490723
11.09655475616455
11.699995994567871
13.33686351776123
12.560099601745605
12.056573867797852
12.224231719970703
13.574285507202148
12.212361335754395
13.958035469055176
11.186344146728516
13.290611267089844
11.939927101135254
12.795512199401855
18.612815856933594
15.55663013458252
11.98276138305664
11.227288246154785
12.51675796508789
12.311213493347168
13.051300048828125
11.15117359161377
13.47433090209961
12.087828636169434
12.066327095031738
12.613101959228516
12.448277473449707
13.97868824005127
13.751960754394531
14.06471061706543
15.713566780090332
13.365625381469727
3.5539326667785645
5.291974067687988
7.850605487823486
7.902377128601074
8.536979675292969
8.16140365600586
8.712278366088867
8.636980056762695
8.069452285766602
8.78217601776123
8.589999198913574
9.010323524475098
8.725255966186523
9.01074504852295
8.475587844848633
8.856568336486816
8.073745727539062
8.527204513549805
8.952216148376465
8.962027549743652
11.15557861328125
8.027242660522461
9.23068618774414
9.436182022094727
10.106429100036621
9.162216186523438
10.64012622833252
8.84744644165039
8.160419464111328
8.453580856323242
8.450520515441895
8.088207244873047
7.991245269775391
9.565404891967773
10.064281463623047
10.990131378173828
9.245150566101074
9.023994445800781
11.817896842956543
12.027679443359375
10.78158950805664
11.73143196105957
10.080411911010742
10.753573417663574
10.651497840881348
13.916141510009766
9.644991874694824
10.941514015197754
9.735051155090332
9.939924240112305
14.56149959564209
11.99966812133789
9.825557708740234
12.010835647583008
11.676307678222656
10.349597930908203
9.511999130249023
12.056428909301758
11.414321899414062
11.07048511505127
13.068056106567383
12.296367645263672
11.882441520690918
12.74260139465332
12.007863998413086
11.887216567993164
11.974184036254883
11.759235382080078
12.841543197631836
16.716323852539062
11.782581329345703
12.694536209106445
10.148661613464355
10.159228324890137
13.029946327209473
10.116334915161133
13.601499557495117
12.849930763244629
12.587265014648438
10.81724739074707
11.802366256713867
13.111443519592285
11.164132118225098
9.922717094421387
10.393942832946777
12.567390441894531
12.307616233825684
11.864139556884766
13.270709037780762
11.170825958251953
15.716301918029785
11.602734565734863
11.710034370422363
11.216104507446289
11.760980606079102
11.642492294311523
12.003561019897461
9.883956909179688
12.694686889648438
11.663592338562012
13.34730052947998
12.150077819824219
4.1557111740112305
5.637351036071777
5.637351036071777
7.083488941192627
8.27695083618164
8.288100242614746
7.548733234405518
7.548733234405518
8.003433227539062
8.055757522583008
7.806090831756592
8.187453269958496
8.294849395751953
8.391843795776367
9.797961235046387
8.811461448669434
8.619466781616211
8.759139060974121
8.682193756103516
8.208203315734863
8.759139060974121
8.682193756103516
8.619466781616211
8.970434188842773
8.857955932617188
8.412912368774414
8.36611270904541
9.103616714477539
8.473724365234375
8.96419620513916
8.328527450561523
9.23068618774414
9.346536636352539
9.23068618774414
9.029502868652344
9.39161205291748
8.121255874633789
8.472509384155273
11.13783073425293
8.672656059265137
10.514287948608398
9.061010360717773
8.973906517028809
10.889514923095703
9.817584991455078
9.40440559387207
11.339095115661621
8.760810852050781
9.763606071472168
10.866129875183105
11.05072021484375
12.14922046661377
11.229233741760254
9.37464714050293
10.673484802246094
9.963050842285156
11.066288948059082
11.080644607543945
12.834556579589844
9.10093879699707
8.768797874450684
10.491399765014648
12.86609172821045
12.416853904724121
14.54418659210205
11.01962661743164
13.184025764465332
12.740615844726562
8.627803802490234
11.936871528625488
12.084263801574707
10.332959175109863
9.9146728515625
14.08382511138916
10.526754379272461
10.161443710327148
11.955588340759277
11.05260944366455
9.025522232055664
9.813331604003906
10.542381286621094
12.6616792678833
8.723260879516602
9.435516357421875
10.768682479858398
11.74378490447998
10.582847595214844
9.287602424621582
11.542783737182617
10.634675979614258
11.109240531921387
12.074346542358398
10.367663383483887
11.116273880004883
10.295619010925293
10.723440170288086
10.03126335144043
9.657222747802734
10.460760116577148
10.973247528076172
10.205400466918945
11.53415584564209
10.920027732849121
10.108451843261719
10.710869789123535
12.99979019165039
15.432284355163574
11.276515007019043
9.607380867004395
9.400716781616211
12.92784595489502
9.582362174987793
10.431486129760742
10.780179023742676
9.582624435424805
11.223251342773438
10.385175704956055
9.78205394744873
11.147202491760254
9.439075469970703
10.398880958557129
10.617081642150879
9.43557357788086
12.281753540039062
11.962318420410156
10.876457214355469
13.203401565551758
12.923864364624023
13.199028968811035
11.825834274291992
11.790876388549805
9.71300983428955
12.486431121826172
12.764181137084961
10.62741470336914
13.697616577148438
11.415894508361816
12.475286483764648
12.26120662689209
10.337601661682129
11.902381896972656
10.835537910461426
12.384809494018555
11.533563613891602
11.881852149963379
11.807069778442383
11.229378700256348
11.488731384277344
10.807488441467285
10.877411842346191
11.988308906555176
12.139810562133789
11.352649688720703
10.332099914550781
11.7894926071167
10.333489418029785
13.559135437011719
11.500244140625
11.644329071044922
11.571468353271484
10.651482582092285
11.367622375488281
12.736650466918945
13.523311614990234
11.911142349243164
11.327603340148926
11.765161514282227
11.127333641052246
11.253899574279785
10.943625450134277
12.601218223571777
11.963504791259766
11.390490531921387
12.039813995361328
10.222049713134766
10.817645072937012
11.627395629882812
11.549880981445312
13.651296615600586
11.744205474853516
10.6343412399292
11.165133476257324
11.617715835571289
14.664774894714355
9.89564037322998
12.413843154907227
11.754167556762695
12.075465202331543
12.227777481079102
10.199295043945312
12.058785438537598
11.15003776550293
12.61566162109375
12.540127754211426
11.3033447265625
12.523628234863281
12.843547821044922
10.931106567382812
11.975125312805176
11.152456283569336
10.748577117919922
13.060873031616211
12.216581344604492
11.208243370056152
11.02461051940918
13.847643852233887
11.43447208404541
13.028410911560059
11.396427154541016
13.725784301757812
13.478196144104004
11.68957805633545
9.660134315490723
11.092576026916504
13.100226402282715
11.60932445526123
12.615226745605469
17.88650131225586
13.391916275024414
13.3701171875
11.892975807189941
13.73532485961914
13.8831205368042
13.803069114685059
13.989483833312988
12.783827781677246
12.200885772705078
11.418328285217285
12.796753883361816
11.556102752685547
11.84315299987793
13.514605522155762
14.748627662658691
6.397373199462891
8.273012161254883
9.452070236206055
9.296355247497559
9.743906021118164
9.336726188659668
8.136489868164062
8.247669219970703
9.23068618774414
9.4171724319458
10.368045806884766
9.181452751159668
11.854251861572266
10.66716480255127
14.134251594543457
9.813933372497559
11.146873474121094
12.409351348876953
11.572073936462402
11.126591682434082
10.575407981872559
10.265972137451172
10.04928970336914
13.618413925170898
11.98851490020752
8.585962295532227
10.295782089233398
10.289356231689453
11.238897323608398
11.593952178955078
9.077038764953613
11.815912246704102
12.824432373046875
11.890076637268066
11.512154579162598
11.479726791381836
13.285400390625
10.35724925994873
11.076614379882812
9.274991035461426
11.268625259399414
11.567106246948242
11.8656587600708
14.934659957885742
12.568263053894043
10.035005569458008
10.883585929870605
11.223630905151367
10.04052734375
12.163366317749023
12.352426528930664
12.006731986999512
13.158724784851074
12.13866138458252
11.355293273925781
14.048517227172852
13.175740242004395
13.047811508178711
12.217938423156738
11.5635986328125
3.5539326667785645
4.7459187507629395
7.240262985229492
8.379156112670898
7.691139221191406
7.804413318634033
8.208422660827637
8.102852821350098
8.782659530639648
9.010323524475098
8.385366439819336
8.328527450561523
9.255922317504883
9.0108060836792
8.734335899353027
8.14903450012207
8.328527450561523
8.485355377197266
9.634159088134766
8.268636703491211
8.473724365234375
8.268636703491211
9.592796325683594
8.680225372314453
8.665655136108398
12.770275115966797
7.220723628997803
9.073638916015625
9.099055290222168
12.941325187683105
8.891335487365723
8.627386093139648
9.662819862365723
11.708608627319336
9.141937255859375
11.707226753234863
13.61389446258545
11.118158340454102
8.75129222869873
11.954523086547852
13.06103801727295
10.853446006774902
11.082354545593262
9.195276260375977
12.711797714233398
13.820365905761719
10.147884368896484
13.772379875183105
10.524382591247559
11.787741661071777
9.279203414916992
11.767740249633789
13.475231170654297
11.495254516601562
12.841156005859375
12.044866561889648
11.661545753479004
10.471796989440918
10.592405319213867
10.947141647338867
10.700212478637695
11.314396858215332
9.179340362548828
11.97327995300293
10.121866226196289
10.768122673034668
10.681750297546387
8.874013900756836
12.990581512451172
13.043259620666504
10.898945808410645
11.566506385803223
11.95613956451416
10.426743507385254
9.537040710449219
11.419855117797852
11.086483001708984
10.840980529785156
10.309823036193848
9.323406219482422
11.527457237243652
9.024112701416016
10.49064826965332
13.819470405578613
9.711275100708008
11.450967788696289
12.826568603515625
9.84592056274414
9.728729248046875
14.234075546264648
12.461980819702148
10.9713134765625
13.616169929504395
11.253873825073242
13.058329582214355
12.15620231628418
11.319067001342773
12.340150833129883
12.82366943359375
11.27916145324707
12.510875701904297
12.228204727172852
12.414314270019531
11.266096115112305
13.215456008911133
11.176692962646484
13.285600662231445
11.324274063110352
12.024134635925293
13.622727394104004
17.021652221679688
12.212837219238281
11.270530700683594
10.933067321777344
11.626338005065918
12.454899787902832
14.232961654663086
11.136240005493164
10.890665054321289
12.177183151245117
10.968742370605469
11.05111312866211
11.277313232421875
10.372987747192383
10.84915828704834
12.463007926940918
9.619674682617188
11.479243278503418
11.563095092773438
10.676811218261719
14.037773132324219
12.672679901123047
10.83335018157959
14.467430114746094
9.755570411682129
10.877967834472656
12.922191619873047
11.61788272857666
12.027029037475586
11.380852699279785
12.165891647338867
12.308708190917969
9.951279640197754
12.248634338378906
11.494658470153809
11.342287063598633
10.404285430908203
12.12216567993164
13.380839347839355
10.723831176757812
11.944478034973145
11.21978759765625
12.32956314086914
14.229317665100098
12.867934226989746
13.026464462280273
13.779706954956055
12.139245986938477
13.979996681213379
12.1050443649292
13.959626197814941
11.124205589294434
3.8206090927124023
3.5539326667785645
4.7459187507629395
6.286128997802734
5.637351036071777
6.112218379974365
6.112218379974365
6.112218379974365
6.112218379974365
7.343764781951904
8.359123229980469
8.383838653564453
8.133613586425781
8.108898162841797
7.485813140869141
7.700520992279053
7.624694347381592
8.350414276123047
8.542412757873535
8.536998748779297
8.927836418151855
8.942306518554688
8.61188793182373
9.955519676208496
9.102325439453125
8.233785629272461
8.124837875366211
12.642501831054688
8.883111953735352
8.618412017822266
10.374795913696289
11.774567604064941
9.292850494384766
12.959269523620605
12.805818557739258
11.39219856262207
13.481009483337402
12.418876647949219
11.591484069824219
14.733687400817871
12.350658416748047
9.959208488464355
10.909527778625488
10.33399486541748
11.319841384887695
9.476420402526855
10.44568157196045
11.187471389770508
11.411218643188477
13.016894340515137
5.637351036071777
6.112218379974365
6.689680099487305
6.112218379974365
8.395475387573242
7.293313026428223
8.682193756103516
8.536998748779297
9.021742820739746
8.834256172180176
8.646361351013184
8.589999198913574
9.614919662475586
9.423686027526855
8.440534591674805
10.771139144897461
9.266499519348145
8.767399787902832
8.373778343200684
8.702513694763184
9.776419639587402
7.654603004455566
10.029563903808594
8.554412841796875
8.876561164855957
11.26113224029541
11.599763870239258
7.34568977355957
11.452373504638672
10.7673978805542
8.876609802246094
9.74903678894043
12.574309349060059
9.850546836853027
10.831951141357422
9.528898239135742
9.168148040771484
12.077627182006836
9.406167030334473
10.704519271850586
12.889062881469727
10.919689178466797
11.004535675048828
12.156270027160645
9.856959342956543
9.51027774810791
12.49484634399414
11.110457420349121
15.206486701965332
10.911468505859375
12.082780838012695
15.526034355163574
12.61030101776123
11.358485221862793
12.16859245300293
10.151869773864746
9.804988861083984
7.552391052246094
8.858016967773438
8.525337219238281
11.79503059387207
8.832481384277344
8.33234691619873
7.032467842102051
8.811461448669434
13.244811058044434
9.614919662475586
8.532973289489746
9.704057693481445
14.297367095947266
10.492318153381348
11.413742065429688
10.651083946228027
11.350646018981934
8.522208213806152
8.136489868164062
13.466561317443848
8.759139060974121
3.8206090927124023
3.8206090927124023
8.227900505065918
7.158781051635742
9.440533638000488
11.481884956359863
8.30444049835205
9.346536636352539
8.065147399902344
6.514138221740723
9.121160507202148
8.838019371032715
11.173946380615234
9.165284156799316
12.16347885131836
12.28285026550293
10.228711128234863
8.058708190917969
10.94342041015625
9.151908874511719
8.94733715057373
9.494566917419434
8.959760665893555
12.34125804901123
15.337983131408691
12.814937591552734
7.761568546295166
8.53303337097168
9.23068618774414
8.694459915161133
8.734658241271973
7.004838943481445
11.470483779907227
8.576258659362793
9.015256881713867
5.312220096588135
9.492880821228027
14.99259090423584
6.272663593292236
5.490370273590088
10.56322956085205
9.39470100402832
10.736095428466797
11.388955116271973
11.718523979187012
13.0078706741333
12.707653045654297
13.161310195922852
12.029634475708008
13.224702835083008
8.244007110595703
14.189811706542969
8.637041091918945
6.799689292907715
8.14409065246582
3.5539326667785645
5.960998058319092
5.291974067687988
3.5539326667785645
12.028440475463867
11.914958953857422
10.243270874023438
9.541034698486328
11.522253036499023
14.730460166931152
13.273008346557617
9.442572593688965
12.076616287231445
9.524622917175293
10.246474266052246
7.725857257843018
9.30164623260498
11.249910354614258
9.299856185913086
10.544509887695312
8.092805862426758
12.44911003112793
10.882342338562012
12.998136520385742
5.291974067687988
9.634159088134766
6.186113357543945
8.759139060974121
8.489532470703125
6.186113357543945
13.164997100830078
14.072629928588867
12.549022674560547
11.463358879089355
11.064249038696289
8.556805610656738
6.186113357543945
5.467054843902588
9.26648998260498
12.17738151550293
10.47365951538086
11.196755409240723
12.100225448608398
12.254905700683594
13.635464668273926
8.286515235900879
10.673225402832031
8.383838653564453
11.424556732177734
12.03103256225586
7.980048179626465
12.446455001831055
11.947498321533203
12.132956504821777
10.011117935180664
9.30646800994873
10.954216003417969
7.713494300842285
6.286128997802734
13.036571502685547
8.662240982055664
11.965022087097168
13.663687705993652
13.352185249328613
11.708667755126953
12.766152381896973
11.161861419677734
11.159798622131348
10.885944366455078
7.940711498260498
7.729835033416748
9.468750953674316
8.066035270690918
7.230217933654785
8.869939804077148
7.5214996337890625
8.947169303894043
7.137484073638916
11.063451766967773
7.686661720275879
11.931623458862305
12.119427680969238
11.59106731414795
10.648409843444824
11.644929885864258
11.274225234985352
12.450661659240723
13.291878700256348
11.964481353759766
9.26648998260498
11.050544738769531
10.45063591003418
10.001492500305176
11.95067310333252
9.657934188842773
12.327000617980957
11.932404518127441
11.903604507446289
12.098650932312012
13.087839126586914
13.682903289794922
12.089669227600098
13.95298957824707
11.20685863494873
10.144433975219727
10.727554321289062
11.174208641052246
14.516583442687988
11.90710163116455
11.19386100769043
11.341035842895508
8.19174575805664
12.43061637878418
10.437789916992188
9.952033042907715
8.746826171875
8.796677589416504
13.852322578430176
6.823078155517578
8.069913864135742
12.359414100646973
8.555681228637695
9.07714557647705
7.06733512878418
8.570704460144043
10.988295555114746
9.858046531677246
10.444990158081055
9.287469863891602
8.467313766479492
10.182281494140625
11.04865837097168
14.714639663696289
9.369569778442383
13.495756149291992
10.534128189086914
9.396102905273438
11.04650592803955
9.368331909179688
10.047605514526367
11.906225204467773
8.773852348327637
7.738924026489258
7.066352367401123
8.553565979003906
10.0865478515625
10.6943941116333
11.221396446228027
10.30377197265625
9.016250610351562
13.920365333557129
8.637524604797363
8.735920906066895
10.722993850708008
8.131138801574707
12.587005615234375
7.451582908630371
9.17504596710205
12.883329391479492
11.528497695922852
9.278693199157715
9.002197265625
9.788945198059082
12.170549392700195
16.818355560302734
13.822998046875
11.283206939697266
11.337560653686523
10.713104248046875
13.187153816223145
11.668801307678223
13.960719108581543
7.71470832824707
5.637351036071777
3.5539326667785645
11.413721084594727
12.866374969482422
9.417770385742188
11.796187400817871
14.169198036193848
7.2260589599609375
12.332964897155762
11.964029312133789
14.266432762145996
12.526253700256348
11.41046142578125
10.415894508361816
10.099370956420898
9.17873764038086
11.725790977478027
11.268051147460938
13.367155075073242
11.749361991882324
11.943523406982422
13.041563034057617
13.157631874084473
11.913479804992676
14.364310264587402
10.180338859558105
12.193795204162598
11.470062255859375
8.268636703491211
3.558479070663452
6.8480119705200195
13.64008617401123
8.115839958190918
7.970367431640625
8.447236061096191
14.786020278930664
8.268636703491211
5.952813148498535
3.82515549659729
3.558479070663452
11.911897659301758
10.124150276184082
7.252159118652344
8.050514221191406
10.857351303100586
12.990476608276367
11.671671867370605
10.142232894897461
8.543307304382324
8.08824348449707
7.867394924163818
7.773384094238281
10.359869956970215
14.009281158447266
12.786409378051758
11.327223777770996
11.89163589477539
12.070178985595703
8.02641487121582
12.160377502441406
11.869215965270996
5.860982418060303
12.152413368225098
9.872820854187012
11.22189998626709
11.350442886352539
13.077372550964355
11.181418418884277
7.809736728668213
9.69796085357666
7.34383487701416
13.598671913146973
9.377811431884766
7.533186435699463
8.780261039733887
7.157328128814697
7.351551532745361
8.402015686035156
7.623954772949219
14.132262229919434
8.330816268920898
7.321939945220947
5.787087440490723
10.877492904663086
11.308786392211914
5.960998058319092
11.015959739685059
6.783869743347168
9.82323169708252
11.807989120483398
12.524330139160156
12.549750328063965
11.60811710357666
7.8745622634887695
11.181957244873047
8.651975631713867
11.299515724182129
6.72324275970459
10.51574993133545
13.11523151397705
8.73470401763916
10.065556526184082
13.609408378601074
10.80390453338623
10.668975830078125
5.936408996582031
6.006554126739502
7.203996181488037
7.881679534912109
8.01419448852539
8.387836456298828
7.222290515899658
6.112218379974365
5.291974067687988
5.291974067687988
5.291974067687988
3.8206090927124023
10.631656646728516
12.432729721069336
7.16499662399292
8.770660400390625
8.939335823059082
11.521900177001953
10.171736717224121
9.705119132995605
12.070725440979004
7.361653804779053
12.50385570526123
13.645427703857422
9.555916786193848
10.695128440856934
16.851938247680664
13.149225234985352
10.577993392944336
10.739114761352539
10.218609809875488
11.419181823730469
16.189178466796875
14.252130508422852
8.387836456298828
14.041165351867676
16.5595703125
7.936534404754639
8.682672500610352
10.857935905456543
14.994367599487305
12.27022647857666
7.251823902130127
9.329362869262695
11.729257583618164
9.168604850769043
9.0108060836792
8.542234420776367
13.49311637878418
14.437426567077637
11.237724304199219
10.292631149291992
10.702729225158691
9.547784805297852
6.792970180511475
6.112218379974365
7.240262985229492
7.404048919677734
8.628771781921387
8.123645782470703
8.463043212890625
8.589999198913574
9.11803913116455
8.589999198913574
9.11803913116455
9.392958641052246
10.531497955322266
8.494081497192383
10.060403823852539
7.676814556121826
8.467796325683594
10.257702827453613
12.697006225585938
9.81004810333252
9.314228057861328
10.546248435974121
11.35622501373291
10.93388843536377
10.216912269592285
9.721348762512207
11.353668212890625
9.945380210876465
10.48901653289795
11.471020698547363
11.84061336517334
10.63013744354248
11.795059204101562
12.05030632019043
12.325834274291992
11.393776893615723
12.413904190063477
11.497995376586914
12.111598014831543
11.849753379821777
12.532258033752441
10.734186172485352
13.817233085632324
11.62907600402832
4.1557111740112305
4.7459187507629395
5.291974067687988
6.112218379974365
6.112218379974365
6.689680099487305
6.112218379974365
8.306072235107422
7.5329108238220215
8.45486068725586
8.542412757873535
8.350414276123047
8.53705883026123
8.660345077514648
8.268636703491211
9.353449821472168
8.512372016906738
8.461109161376953
8.544504165649414
8.08799934387207
8.544504165649414
8.554481506347656
8.490522384643555
9.03945255279541
9.23068618774414
8.124837875366211
8.55873966217041
8.439979553222656
8.52293586730957
7.5096259117126465
13.637422561645508
8.430593490600586
9.981557846069336
10.987794876098633
11.450501441955566
9.246222496032715
13.645956039428711
12.067062377929688
14.323487281799316
10.695367813110352
8.15119743347168
10.265730857849121
9.605300903320312
11.093122482299805
11.020112991333008
10.34317398071289
14.010446548461914
11.662775039672852
10.743175506591797
9.935046195983887
11.411847114562988
10.464794158935547
10.070470809936523
9.834017753601074
10.388789176940918
10.970154762268066
11.96458625793457
15.698731422424316
15.070215225219727
12.016252517700195
10.59540843963623
10.852303504943848
11.41053295135498
12.055604934692383
12.655882835388184
10.223075866699219
10.953422546386719
12.355030059814453
12.907649040222168
12.451131820678711
10.91076374053955
11.227968215942383
11.398721694946289
12.336634635925293
10.18506908416748
11.730400085449219
11.186263084411621
11.297893524169922
12.450944900512695
10.960960388183594
11.295991897583008
4.1557111740112305
7.3343048095703125
6.112218379974365
8.386898040771484
7.5214996337890625
8.619466781616211
8.766785621643066
8.570661544799805
8.856568336486816
8.766785621643066
8.458255767822266
8.278082847595215
7.974348068237305
8.385000228881836
8.521001815795898
11.244209289550781
8.556831359863281
9.141265869140625
9.3851900100708
8.208242416381836
9.020469665527344
10.554229736328125
10.856842041015625
11.196993827819824
12.273836135864258
10.66157341003418
9.171470642089844
11.695550918579102
9.926522254943848
9.889758110046387
10.641669273376465
11.196041107177734
10.624021530151367
10.861852645874023
11.567283630371094
10.686113357543945
12.553203582763672
9.6702241897583
11.860527992248535
14.028569221496582
9.066007614135742
10.510713577270508
11.929969787597656
10.624950408935547
9.525135040283203
11.73173713684082
10.162870407104492
10.952268600463867
11.304666519165039
11.090653419494629
11.462187767028809
13.254190444946289
10.143885612487793
10.782517433166504
16.137046813964844
11.79112434387207
11.22500991821289
10.962538719177246
10.683919906616211
11.509521484375
10.268818855285645
10.74379825592041
10.862836837768555
11.711878776550293
10.513571739196777
14.141072273254395
9.824037551879883
11.559309005737305
12.83940601348877
9.6361083984375
11.347243309020996
10.489036560058594
12.92635726928711
12.049253463745117
11.925134658813477
13.173952102661133
11.100471496582031
11.691214561462402
14.390168190002441
12.980870246887207
12.635022163391113
13.81852912902832
12.587947845458984
13.970719337463379
12.427949905395508
3.5539326667785645
3.8206090927124023
4.1557111740112305
6.112218379974365
8.057611465454102
7.94136381149292
8.555681228637695
8.44331169128418
7.303800106048584
8.567143440246582
9.116085052490234
8.811461448669434
8.270647048950195
8.495550155639648
8.360992431640625
8.116251945495605
8.910341262817383
9.129081726074219
8.910341262817383
9.010261535644531
9.155941009521484
8.413833618164062
8.328527450561523
8.558110237121582
9.492156028747559
9.353449821472168
8.393933296203613
8.073451042175293
8.328527450561523
7.923416614532471
8.115991592407227
8.521001815795898
8.193147659301758
9.684185981750488
8.672211647033691
9.215232849121094
10.847638130187988
7.527643203735352
8.077310562133789
9.726733207702637
11.871623039245605
10.575037956237793
7.5226898193359375
10.084590911865234
13.553869247436523
11.249629020690918
8.685891151428223
12.160761833190918
12.912820816040039
11.595322608947754
8.728446960449219
10.288891792297363
12.566149711608887
10.146469116210938
12.706585884094238
11.22757339477539
10.541631698608398
10.76724910736084
10.364124298095703
10.186286926269531
14.373038291931152
10.43355655670166
9.59904956817627
10.507737159729004
8.145866394042969
11.255716323852539
11.2543306350708
9.878644943237305
9.398429870605469
10.776016235351562
10.164031982421875
10.75467300415039
12.46926498413086
8.832178115844727
11.396121978759766
12.156490325927734
9.451744079589844
10.380133628845215
9.13604736328125
18.508556365966797
10.72450065612793
12.523493766784668
10.93238353729248
12.837542533874512
9.914633750915527
12.689701080322266
10.240781784057617
10.73780632019043
12.058679580688477
12.405858039855957
9.917457580566406
10.394453048706055
10.972099304199219
12.56308650970459
11.879842758178711
12.377520561218262
11.092644691467285
12.318286895751953
11.981608390808105
12.415023803710938
13.270811080932617
5.291974067687988
5.637351036071777
6.112218379974365
8.069913864135742
8.848423957824707
8.628771781921387
7.386689186096191
8.516494750976562
9.056578636169434
8.629871368408203
8.505315780639648
8.747391700744629
8.649301528930664
8.885890007019043
9.21158218383789
10.426619529724121
8.04460334777832
10.46398639678955
10.18592357635498
9.635461807250977
10.285106658935547
12.821782112121582
8.962478637695312
8.78332805633545
11.162047386169434
9.946263313293457
9.993395805358887
9.680767059326172
10.831985473632812
11.15030574798584
12.893802642822266
10.164358139038086
12.76004695892334
13.120771408081055
10.718025207519531
11.04222297668457
11.209473609924316
11.296283721923828
10.869478225708008
12.011918067932129
13.835651397705078
11.784425735473633
12.851062774658203
11.729509353637695
12.03165340423584
12.849140167236328
13.217077255249023
12.066746711730957
13.297967910766602
12.4506254196167
13.38315486907959
12.951845169067383
7.066352367401123
7.240262985229492
7.9503960609436035
7.970790386199951
7.943961143493652
8.350414276123047
8.621232986450195
8.350414276123047
8.460973739624023
8.910341262817383
8.856568336486816
9.643646240234375
9.11803913116455
9.734390258789062
8.31048583984375
7.980852127075195
9.09784984588623
10.079248428344727
8.940038681030273
8.446910858154297
11.296869277954102
11.991875648498535
7.666075229644775
12.892406463623047
10.821843147277832
9.37673282623291
12.476861953735352
8.667628288269043
12.410503387451172
11.909339904785156
9.285140037536621
11.246458053588867
10.33337688446045
11.961921691894531
14.042551040649414
11.252920150756836
10.332544326782227
11.252012252807617
9.689427375793457
9.64178466796875
10.085722923278809
10.965069770812988
13.138355255126953
9.470519065856934
12.323068618774414
11.854839324951172
10.268725395202637
11.128875732421875
9.761455535888672
10.489080429077148
9.882070541381836
9.401739120483398
13.214378356933594
11.812992095947266
9.511109352111816
12.973906517028809
12.606487274169922
11.160524368286133
11.316986083984375
13.698741912841797
13.146442413330078
12.911041259765625
10.18399715423584
16.106395721435547
10.908224105834961
11.152604103088379
12.13693618774414
10.015508651733398
12.660320281982422
11.628416061401367
11.444255828857422
13.498208045959473
11.541601181030273
9.819568634033203
10.246747016906738
10.966092109680176
11.743009567260742
11.735055923461914
11.810626029968262
11.811605453491211
11.765897750854492
12.851308822631836
11.321381568908691
11.667699813842773
13.512575149536133
10.733466148376465
12.459247589111328
11.62762451171875
10.473459243774414
12.576525688171387
12.607672691345215
15.17054271697998
12.085075378417969
12.267013549804688
12.163366317749023
12.636431694030762
10.721184730529785
11.72395133972168
14.621234893798828
14.247386932373047
11.549979209899902
12.12853717803955
11.848010063171387
11.488876342773438
10.943818092346191
13.246060371398926
12.900239944458008
11.93294620513916
13.597918510437012
13.444817543029785
12.997723579406738
7.485813140869141
9.457077026367188
8.42243766784668
9.921831130981445
10.330194473266602
9.080422401428223
9.043452262878418
11.733588218688965
11.622462272644043
9.710742950439453
11.154423713684082
13.003975868225098
11.406546592712402
9.737000465393066
9.689208030700684
9.05739974975586
10.994073867797852
10.846355438232422
12.803404808044434
14.119802474975586
12.990598678588867
11.570974349975586
10.802030563354492
11.712627410888672
12.993406295776367
12.45501708984375
10.917399406433105
11.48426342010498
12.165291786193848
11.716790199279785
11.293402671813965
11.147072792053223
11.85848617553711
12.96478271484375
5.637351036071777
8.244844436645508
8.567143440246582
8.53705883026123
8.133698463439941
8.759139060974121
8.734335899353027
8.328527450561523
8.268636703491211
8.377309799194336
9.293559074401855
8.275650978088379
8.507245063781738
9.592796325683594
8.442109107971191
9.592796325683594
9.006304740905762
8.562445640563965
11.264524459838867
11.254622459411621
13.686320304870605
10.9717435836792
10.9717435836792
12.636605262756348
11.411775588989258
13.195560455322266
12.300006866455078
9.728729248046875
10.764181137084961
10.8489408493042
11.15112590789795
10.946073532104492
11.310516357421875
11.44795036315918
11.10560417175293
11.330048561096191
10.805051803588867
10.588391304016113
12.761978149414062
10.498035430908203
12.693389892578125
13.468948364257812
11.323844909667969
12.638505935668945
10.896384239196777
12.023587226867676
11.747233390808105
11.801589965820312
10.643458366394043
12.790599822998047
11.463313102722168
11.273791313171387
11.6439208984375
11.101025581359863
11.950916290283203
12.015567779541016
10.436103820800781
10.167970657348633
12.007161140441895
11.216086387634277
11.500189781188965
11.239977836608887
13.309581756591797
12.079141616821289
10.30910587310791
10.516175270080566
12.350187301635742
12.826831817626953
11.017096519470215
12.990550994873047
15.085986137390137
14.015851974487305
12.091625213623047
12.646652221679688
4.7459187507629395
4.7459187507629395
6.112218379974365
8.429143905639648
8.734274864196777
9.255922317504883
9.378299713134766
9.551420211791992
8.868608474731445
12.027679443359375
13.272823333740234
12.619293212890625
10.988295555114746
10.185239791870117
9.851834297180176
12.077964782714844
13.868671417236328
9.8016996383667
10.034464836120605
15.00577449798584
11.07349967956543
11.919600486755371
5.637351036071777
7.569919109344482
8.536998748779297
8.350414276123047
8.350414276123047
8.682193756103516
8.268636703491211
8.970916748046875
8.437777519226074
8.527204513549805
8.555975914001465
9.160910606384277
7.2260589599609375
11.339491844177246
10.835492134094238
10.171733856201172
9.725236892700195
11.079211235046387
10.111893653869629
9.274741172790527
9.169240951538086
11.094375610351562
10.596280097961426
12.313740730285645
11.515239715576172
11.319697380065918
11.124141693115234
13.139070510864258
7.424418926239014
8.477912902832031
9.048255920410156
9.813840866088867
8.794038772583008
12.856775283813477
7.423318386077881
9.526843070983887
4.980099678039551
4.7459187507629395
4.1557111740112305
13.30689525604248
14.335509300231934
10.586883544921875
12.714999198913574
12.200295448303223
11.9581880569458
12.133816719055176
11.105989456176758
9.44461727142334
8.556805610656738
10.36534309387207
12.619293212890625
12.065911293029785
7.274186611175537
11.102507591247559
5.882630825042725
5.091296195983887
6.425502777099609
9.584647178649902
10.62259578704834
13.416397094726562
10.791803359985352
11.91361141204834
11.727069854736328
13.036764144897461
15.56390380859375
16.11798095703125
11.730224609375
13.110054016113281
7.686661720275879
8.313886642456055
11.183499336242676
9.583869934082031
12.237029075622559
8.662240982055664
5.637351036071777
6.960330486297607
8.32448959350586
11.320313453674316
9.9078950881958
10.92771053314209
12.445772171020508
9.451683044433594
11.403166770935059
12.464094161987305
10.311806678771973
3.8206090927124023
13.139383316040039
12.271858215332031
11.024052619934082
12.410150527954102
11.355998992919922
8.386898040771484
7.240262985229492
9.551420211791992
13.121689796447754
14.204703330993652
6.960330486297607
14.123773574829102
11.817870140075684
13.839534759521484
7.795069694519043
6.286128997802734
8.442109107971191
7.7845330238342285
8.128743171691895
12.572452545166016
11.755256652832031
14.037166595458984
12.534161567687988
11.115833282470703
14.253373146057129
13.34244441986084
9.198019981384277
14.86754035949707
12.659192085266113
11.932156562805176
8.335514068603516
13.286483764648438
11.370004653930664
11.903670310974121
9.502816200256348
8.726997375488281
10.422513008117676
9.133957862854004
15.291316986083984
11.705486297607422
9.0
13.834607124328613
16.22007942199707
10.912120819091797
11.540852546691895
7.713494300842285
12.846427917480469
11.077642440795898
13.884039878845215
9.143660545349121
12.342720985412598
12.14498233795166
12.528607368469238
12.970553398132324
11.321781158447266
13.265316009521484
14.710785865783691
11.939908981323242
7.8908162117004395
9.385676383972168
8.442109107971191
10.101866722106934
8.856568336486816
7.60080099105835
8.401811599731445
13.89443588256836
10.674753189086914
8.485912322998047
10.732795715332031
10.498618125915527
13.41041088104248
10.827974319458008
10.513215065002441
12.746220588684082
10.718487739562988
10.693550109863281
9.040060043334961
9.613885879516602
10.031767845153809
11.992133140563965
12.4574556350708
9.571892738342285
9.001770973205566
12.235458374023438
8.881980895996094
8.463685035705566
8.299253463745117
16.11923599243164
13.512462615966797
12.24622917175293
11.312318801879883
13.16635513305664
11.694476127624512
13.696319580078125
12.539302825927734
11.900604248046875
11.523411750793457
10.006139755249023
13.622570037841797
9.022994995117188
9.624262809753418
11.886719703674316
11.004728317260742
11.033212661743164
10.520031929016113
11.99236011505127
12.498556137084961
11.955577850341797
11.849202156066895
13.160384178161621
13.68320369720459
13.498967170715332
10.076946258544922
11.000934600830078
10.858905792236328
8.910341262817383
9.40595817565918
5.860982418060303
8.730657577514648
11.15870189666748
10.683114051818848
14.310381889343262
8.396795272827148
9.457077026367188
7.958449363708496
8.7361478805542
4.5056352615356445
3.558479070663452
14.234204292297363
11.951884269714355
10.859587669372559
10.455862045288086
6.823078155517578
8.682193756103516
8.022038459777832
10.614900588989258
10.765624046325684
14.425537109375
13.48680305480957
6.946656703948975
12.222991943359375
8.472509384155273
9.309699058532715
8.345062255859375
7.766537666320801
8.216691017150879
10.930145263671875
12.166223526000977
11.74047565460205
10.758604049682617
9.294522285461426
8.832481384277344
6.227583408355713
8.27836799621582
9.950746536254883
10.65362548828125
9.006720542907715
10.503229141235352
8.88504695892334
8.134159088134766
9.614618301391602
9.780454635620117
10.646970748901367
8.099721908569336
8.121255874633789
8.260527610778809
8.811461448669434
5.960998058319092
9.743518829345703
11.277506828308105
9.006720542907715
8.906255722045898
14.199075698852539
8.14409065246582
9.614919662475586
5.787087440490723
12.972890853881836
11.785873413085938
11.119332313537598
9.456042289733887
8.022038459777832
7.745811939239502
11.089397430419922
11.112074851989746
15.068009376525879
7.211141586303711
5.637351036071777
8.207902908325195
6.186113357543945
3.5539326667785645
13.7787504196167
11.188756942749023
10.363323211669922
6.234944820404053
10.668743133544922
13.957945823669434
11.248403549194336
14.285139083862305
15.590303421020508
10.556537628173828
8.854157447814941
12.612645149230957
10.757612228393555
12.677597045898438
10.202775955200195
11.116423606872559
11.37501335144043
8.251197814941406
8.51157283782959
11.634818077087402
12.658955574035645
12.68880558013916
7.813408374786377
8.662240982055664
8.628771781921387
7.921358108520508
8.133613586425781
8.30866813659668
8.50618839263916
9.11803913116455
8.377309799194336
8.118927001953125
11.103431701660156
6.935187339782715
11.39898681640625
10.820191383361816
10.598600387573242
11.614378929138184
11.083669662475586
10.949991226196289
10.6995849609375
11.287866592407227
10.412176132202148
11.23511028289795
12.496724128723145
14.473047256469727
13.342580795288086
5.291974067687988
6.112218379974365
7.970790386199951
7.6214118003845215
7.241554260253906
7.6962103843688965
8.78217601776123
8.637041091918945
8.811461448669434
8.437873840332031
8.272666931152344
9.193848609924316
8.703622817993164
8.320297241210938
8.867144584655762
7.628631591796875
9.925804138183594
12.10240364074707
8.71335220336914
9.701125144958496
10.938974380493164
9.640060424804688
11.38329792022705
12.21640682220459
10.838785171508789
8.027642250061035
10.569607734680176
10.438307762145996
10.776284217834473
14.723465919494629
11.883036613464355
11.039179801940918
11.258365631103516
10.95457649230957
11.7818603515625
10.898575782775879
10.08067798614502
12.59569263458252
12.449824333190918
11.22150707244873
10.618009567260742
12.173126220703125
11.423240661621094
12.226449012756348
3.5539326667785645
4.1557111740112305
8.037652969360352
8.585200309753418
8.53705883026123
8.536998748779297
9.23068618774414
8.96419620513916
8.521001815795898
7.9368205070495605
9.624473571777344
9.23068618774414
13.219441413879395
10.290669441223145
11.124578475952148
9.868699073791504
9.407873153686523
10.523530006408691
12.325901985168457
10.618206977844238
8.498046875
9.298649787902832
9.494040489196777
9.721199035644531
10.958780288696289
10.786397933959961
11.942499160766602
11.817761421203613
9.749353408813477
10.943587303161621
11.648239135742188
13.481186866760254
11.762706756591797
13.871820449829102
11.805840492248535
11.41053295135498
15.633112907409668
11.503995895385742
11.614309310913086
11.460787773132324
12.415411949157715
12.0348482131958
11.278862953186035
13.78416919708252
11.23736572265625
13.674361228942871
17.43708610534668
13.332690238952637
11.285052299499512
4.1557111740112305
3.8890349864959717
6.112218379974365
8.063720703125
7.979367733001709
7.732560634613037
7.819689750671387
8.375739097595215
8.187453269958496
7.377993583679199
8.06350326538086
8.567143440246582
8.360992431640625
8.460973739624023
8.454572677612305
9.170795440673828
8.590620994567871
8.361024856567383
9.029502868652344
8.485355377197266
8.18167495727539
11.061955451965332
8.36009693145752
8.69890022277832
9.309699058532715
8.124837875366211
8.08799934387207
7.65008020401001
8.601306915283203
8.68908405303955
10.141353607177734
8.306999206542969
11.136662483215332
10.772382736206055
9.169952392578125
10.501322746276855
12.549259185791016
11.055798530578613
10.5872220993042
10.476513862609863
9.240429878234863
12.530406951904297
13.297883033752441
8.906708717346191
14.970383644104004
13.333686828613281
10.196992874145508
9.74349308013916
11.931461334228516
10.884881973266602
13.063080787658691
11.274224281311035
10.473917007446289
12.627799034118652
11.199359893798828
11.331198692321777
12.16230297088623
12.973906517028809
10.437620162963867
12.102713584899902
10.7308349609375
11.179052352905273
12.953946113586426
10.513671875
10.861125946044922
11.714920043945312
10.046446800231934
10.859071731567383
11.971400260925293
12.092314720153809
13.617661476135254
10.763294219970703
11.508391380310059
10.39525318145752
11.727668762207031
10.302745819091797
11.780383110046387
12.330352783203125
12.443851470947266
3.8206090927124023
8.811461448669434
8.636980056762695
8.413833618164062
9.850346565246582
8.944701194763184
8.222331047058105
11.351402282714844
12.655654907226562
9.92774772644043
14.364320755004883
13.322083473205566
10.936169624328613
11.516324996948242
12.396369934082031
11.711478233337402
12.780845642089844
12.131575584411621
10.679835319519043
12.36819076538086
13.27790641784668
12.087434768676758
11.035039901733398
13.019003868103027
12.906078338623047
14.195180892944336
12.547076225280762
13.594646453857422
13.461532592773438
5.637351036071777
5.637351036071777
6.574428558349609
7.240262985229492
6.591485023498535
8.87207317352295
8.53705883026123
8.437873840332031
8.796677589416504
8.650511741638184
8.589999198913574
9.03945255279541
9.592796325683594
7.933603763580322
8.208925247192383
8.636852264404297
8.521001815795898
9.18389892578125
8.790541648864746
8.552634239196777
12.483223915100098
11.954523086547852
11.41627025604248
10.284058570861816
11.869745254516602
14.957914352416992
10.054165840148926
9.530640602111816
10.430377006530762
12.294881820678711
10.430377006530762
10.798070907592773
10.203298568725586
11.2567720413208
11.268657684326172
10.708614349365234
9.698233604431152
10.322907447814941
9.88394832611084
9.467232704162598
10.247961044311523
10.976202011108398
11.40927505493164
8.573281288146973
11.497040748596191
11.939286231994629
12.695695877075195
11.747587203979492
10.785654067993164
11.19694709777832
13.168991088867188
12.503996849060059
11.927492141723633
10.853114128112793
12.213020324707031
11.562395095825195
12.304143905639648
9.949623107910156
10.853825569152832
10.411197662353516
15.231149673461914
11.378849029541016
11.270533561706543
11.256919860839844
10.741116523742676
10.301492691040039
12.393746376037598
11.288920402526855
11.564835548400879
13.683379173278809
12.015714645385742
12.069559097290039
11.337992668151855
13.907864570617676
11.040412902832031
13.723154067993164
12.615462303161621
12.293356895446777
12.642142295837402
13.448822021484375
12.668395042419434
12.262319564819336
13.075738906860352
13.103360176086426
11.193533897399902
13.104856491088867
11.494070053100586
7.202116012573242
7.087822914123535
8.175792694091797
8.49019718170166
9.498177528381348
11.252936363220215
11.837671279907227
9.230695724487305
12.205594062805176
11.103487968444824
11.538084983825684
11.586315155029297
9.050076484680176
11.098373413085938
10.988998413085938
11.18891429901123
11.621326446533203
10.539700508117676
11.318137168884277
11.141836166381836
11.604286193847656
10.39477252960205
14.206948280334473
12.571022987365723
12.590179443359375
12.545408248901367
11.490409851074219
12.724824905395508
6.112218379974365
6.112218379974365
8.184089660644531
8.53705883026123
8.216716766357422
8.558110237121582
8.640193939208984
8.32522201538086
7.793832302093506
9.346536636352539
7.844372272491455
9.921278953552246
10.440077781677246
12.00255298614502
9.627079963684082
11.65544605255127
10.673928260803223
12.051267623901367
9.444775581359863
15.066766738891602
11.471019744873047
12.688862800598145
9.181600570678711
13.341574668884277
11.652753829956055
11.692995071411133
11.941503524780273
9.728729248046875
9.622392654418945
10.614385604858398
9.568244934082031
14.234075546264648
9.504073143005371
10.849124908447266
8.77840805053711
13.033644676208496
14.936897277832031
10.404793739318848
12.690540313720703
11.981880187988281
13.582930564880371
10.605231285095215
11.015089988708496
12.240362167358398
12.509149551391602
11.223992347717285
11.958576202392578
11.682880401611328
11.983485221862793
11.782959938049316
11.004105567932129
11.99683666229248
12.789621353149414
12.119022369384766
12.850400924682617
14.032451629638672
13.044637680053711
4.1557111740112305
7.743829727172852
7.796879768371582
7.293878555297852
9.650723457336426
8.589999198913574
8.50365161895752
10.872310638427734
8.994169235229492
10.524382591247559
9.23046588897705
12.152884483337402
7.293878555297852
8.619466781616211
8.856568336486816
7.927464008331299
8.282052040100098
9.34605884552002
8.94208812713623
11.08556079864502
10.402743339538574
11.666223526000977
11.01699447631836
11.350957870483398
11.529004096984863
12.118175506591797
12.424620628356934
12.543572425842285
12.06175422668457
10.097900390625
12.132410049438477
8.100927352905273
13.214399337768555
7.623954772949219
6.840696811676025
8.30444049835205
3.8206090927124023
8.623028755187988
11.813750267028809
12.083706855773926
12.42899227142334
11.026249885559082
9.801169395446777
11.723395347595215
8.556805610656738
8.542412757873535
7.867012977600098
16.71697425842285
9.277442932128906
6.960330486297607
11.254855155944824
11.319660186767578
13.950934410095215
13.898943901062012
9.26648998260498
8.625409126281738
13.398117065429688
15.012823104858398
11.13440990447998
10.963953018188477
13.635078430175781
11.326775550842285
12.196287155151367
7.343764781951904
11.900751113891602
14.866985321044922
11.427730560302734
8.015605926513672
14.715864181518555
16.205137252807617
8.100927352905273
10.771774291992188
8.02946662902832
14.258187294006348
6.578032970428467
10.437050819396973
15.966151237487793
9.030848503112793
12.105632781982422
8.682193756103516
10.915515899658203
11.794885635375977
8.810197830200195
7.667329788208008
8.268636703491211
7.493887424468994
13.658024787902832
9.719164848327637
11.9300537109375
11.378829002380371
10.239620208740234
11.001420974731445
8.275650978088379
10.666759490966797
13.396982192993164
11.710041999816895
11.294896125793457
12.809229850769043
3.5539326667785645
8.638837814331055
9.610462188720703
3.5539326667785645
14.00724983215332
11.265785217285156
8.434619903564453
4.966843128204346
12.46772289276123
10.22227954864502
8.884370803833008
8.21414566040039
6.860435485839844
13.172303199768066
11.146716117858887
9.075785636901855
12.291522979736328
13.955077171325684
13.294185638427734
14.681349754333496
9.787552833557129
6.042103290557861
8.140567779541016
13.219882011413574
8.48781967163086
13.153870582580566
9.335832595825195
14.843123435974121
14.83481502532959
13.382957458496094
14.023619651794434
12.710247039794922
11.02829360961914
7.818662166595459
5.291974067687988
5.786586761474609
9.957568168640137
7.9590535163879395
9.418699264526367
6.013208389282227
14.828266143798828
11.319457054138184
11.024312973022461
10.529706954956055
9.893353462219238
10.936121940612793
5.766841411590576
15.596760749816895
11.295379638671875
15.481657981872559
14.429933547973633
10.532549858093262
10.195661544799805
8.156877517700195
7.508026599884033
8.195972442626953
8.214925765991211
10.858278274536133
9.587072372436523
12.63302230834961
13.30808162689209
11.54103946685791
13.001882553100586
12.266409873962402
6.789695739746094
5.637351036071777
6.112218379974365
6.112218379974365
8.227900505065918
8.682193756103516
8.636980056762695
8.911443710327148
8.811461448669434
9.336726188659668
8.25991439819336
9.492156028747559
9.133957862854004
7.793832302093506
10.284008979797363
9.665664672851562
10.115052223205566
9.422502517700195
10.63025188446045
12.143926620483398
10.159215927124023
10.797806739807129
11.41906452178955
11.979598999023438
11.671064376831055
11.02088737487793
11.42900276184082
11.740595817565918
12.834622383117676
11.581650733947754
12.195022583007812
3.8206090927124023
5.291974067687988
6.956482410430908
7.811436176300049
8.350414276123047
8.589999198913574
7.946278095245361
10.081745147705078
10.902925491333008
10.08105754852295
11.853700637817383
11.056888580322266
12.391258239746094
9.448612213134766
9.777998924255371
11.209810256958008
10.304986000061035
12.146318435668945
10.876319885253906
11.4443998336792
13.674003601074219
10.602173805236816
12.415266036987305
11.367711067199707
11.43549919128418
11.426229476928711
11.949341773986816
13.842015266418457
11.781679153442383
6.112218379974365
7.759871482849121
8.06601333618164
8.132596015930176
7.643886089324951
9.0108060836792
8.485355377197266
8.290526390075684
8.93515396118164
9.767507553100586
9.054492950439453
11.342174530029297
12.381768226623535
10.204272270202637
13.804064750671387
12.724742889404297
12.379091262817383
8.669591903686523
9.220597267150879
10.909699440002441
9.535730361938477
15.29619026184082
9.967461585998535
14.525094985961914
10.384820938110352
10.755587577819824
12.059574127197266
13.951608657836914
13.925834655761719
9.840222358703613
11.904050827026367
12.356942176818848
11.658093452453613
10.4292573928833
10.44082260131836
12.316630363464355
10.103222846984863
10.895760536193848
11.083490371704102
10.768961906433105
12.367558479309082
14.250020027160645
8.542412757873535
8.30866813659668
8.405723571777344
8.910341262817383
8.521001815795898
8.32625961303711
8.635649681091309
9.820521354675293
9.838191032409668
13.036761283874512
11.697272300720215
12.393101692199707
10.045680046081543
10.173538208007812
9.557652473449707
11.657320022583008
8.617936134338379
10.10936164855957
9.634719848632812
11.772112846374512
10.37903118133545
12.234315872192383
11.82130241394043
10.173545837402344
10.7575044631958
11.39741325378418
11.389021873474121
12.119980812072754
12.80202865600586
11.6163911819458
11.495402336120605
11.500385284423828
11.39240550994873
12.330323219299316
12.795763969421387
11.746561050415039
11.328377723693848
12.004220008850098
14.055606842041016
14.61540699005127
13.342430114746094
11.368498802185059
8.646361351013184
9.561660766601562
10.163455963134766
10.556855201721191
12.15864086151123
11.352416038513184
10.021933555603027
10.019952774047852
11.921771049499512
12.096454620361328
12.44992733001709
10.792537689208984
7.066352367401123
7.183727741241455
7.68635892868042
9.346536636352539
9.927735328674316
10.46658706665039
12.069273948669434
9.897967338562012
10.549056053161621
11.590370178222656
10.298552513122559
9.848407745361328
9.091028213500977
12.772077560424805
11.170714378356934
10.881031036376953
12.478899955749512
11.718735694885254
11.499942779541016
10.420342445373535
12.4920072555542
13.203532218933105
11.160646438598633
11.531964302062988
15.97115707397461
11.643717765808105
10.256352424621582
13.325002670288086
13.473209381103516
10.832087516784668
6.615785121917725
7.7845330238342285
8.282808303833008
8.759139060974121
8.377309799194336
8.01385498046875
9.353449821472168
9.13365364074707
8.608438491821289
8.947338104248047
9.52835464477539
10.860197067260742
13.084803581237793
8.160154342651367
8.460973739624023
8.682193756103516
8.672931671142578
8.24068832397461
11.349859237670898
10.411304473876953
12.59952163696289
10.738386154174805
10.538158416748047
15.475940704345703
9.648664474487305
12.893702507019043
11.344478607177734
12.062169075012207
